<?xml version="1.0" encoding="UTF-8"?>
<testng-results ignored="0" total="1" passed="1" failed="0" skipped="0">
  <reporter-output>
  </reporter-output>
  <suite started-at="2024-10-01T17:40:12 IST" name="Default suite" finished-at="2024-10-01T17:40:23 IST" duration-ms="11207">
    <groups>
    </groups>
    <test started-at="2024-10-01T17:40:12 IST" name="Default test" finished-at="2024-10-01T17:40:23 IST" duration-ms="11207">
      <class name="handlingPannelMenuFElemts.HandleMenuPannel">
        <test-method is-config="true" signature="setUp()[pri:0, instance:handlingPannelMenuFElemts.HandleMenuPannel@34a3d150]" started-at="2024-10-01T17:40:12 IST" name="setUp" finished-at="2024-10-01T17:40:15 IST" duration-ms="3649" status="PASS">
          <reporter-output>
          </reporter-output>
        </test-method> <!-- setUp -->
        <test-method signature="leftMenu()[pri:0, instance:handlingPannelMenuFElemts.HandleMenuPannel@34a3d150]" started-at="2024-10-01T17:40:15 IST" name="leftMenu" finished-at="2024-10-01T17:40:20 IST" duration-ms="5195" status="PASS">
          <reporter-output>
          </reporter-output>
        </test-method> <!-- leftMenu -->
        <test-method is-config="true" signature="tearDown()[pri:0, instance:handlingPannelMenuFElemts.HandleMenuPannel@34a3d150]" started-at="2024-10-01T17:40:20 IST" name="tearDown" finished-at="2024-10-01T17:40:23 IST" duration-ms="2288" status="PASS">
          <reporter-output>
          </reporter-output>
        </test-method> <!-- tearDown -->
      </class> <!-- handlingPannelMenuFElemts.HandleMenuPannel -->
    </test> <!-- Default test -->
  </suite> <!-- Default suite -->
</testng-results>
